<?xml version="1.0" encoding="UTF-8"?>
<coverage generated="1634904129588" clover="3.2.0">
  <project timestamp="1634904129588" name="All files">
    <metrics statements="34" coveredstatements="30" conditionals="10" coveredconditionals="9" methods="19" coveredmethods="12" elements="63" coveredelements="51" complexity="0" loc="34" ncloc="34" packages="1" files="5" classes="5"/>
    <file name="api.ts" path="/Users/maglja/src/telldus-live-promise/src/api.ts">
      <metrics statements="18" coveredstatements="14" conditionals="3" coveredconditionals="3" methods="9" coveredmethods="2"/>
      <line num="2" count="4" type="stmt"/>
      <line num="4" count="4" type="stmt"/>
      <line num="5" count="4" type="stmt"/>
      <line num="7" count="4" type="stmt"/>
      <line num="8" count="4" type="stmt"/>
      <line num="9" count="4" type="cond" truecount="1" falsecount="0"/>
      <line num="10" count="1" type="stmt"/>
      <line num="12" count="3" type="cond" truecount="2" falsecount="0"/>
      <line num="13" count="1" type="stmt"/>
      <line num="15" count="2" type="stmt"/>
      <line num="18" count="1" type="stmt"/>
      <line num="27" count="4" type="stmt"/>
      <line num="28" count="0" type="stmt"/>
      <line num="32" count="0" type="stmt"/>
      <line num="36" count="4" type="stmt"/>
      <line num="37" count="0" type="stmt"/>
      <line num="38" count="0" type="stmt"/>
      <line num="40" count="4" type="stmt"/>
    </file>
    <file name="clients.ts" path="/Users/maglja/src/telldus-live-promise/src/clients.ts">
      <metrics statements="3" coveredstatements="3" conditionals="0" coveredconditionals="0" methods="2" coveredmethods="2"/>
      <line num="1" count="4" type="stmt"/>
      <line num="6" count="2" type="stmt"/>
      <line num="8" count="2" type="stmt"/>
    </file>
    <file name="devices.ts" path="/Users/maglja/src/telldus-live-promise/src/devices.ts">
      <metrics statements="7" coveredstatements="7" conditionals="6" coveredconditionals="5" methods="5" coveredmethods="5"/>
      <line num="1" count="4" type="stmt"/>
      <line num="3" count="4" type="stmt"/>
      <line num="8" count="7" type="stmt"/>
      <line num="15" count="7" type="cond" truecount="2" falsecount="0"/>
      <line num="22" count="7" type="cond" truecount="2" falsecount="0"/>
      <line num="31" count="7" type="cond" truecount="1" falsecount="1"/>
      <line num="33" count="7" type="stmt"/>
    </file>
    <file name="index.ts" path="/Users/maglja/src/telldus-live-promise/src/index.ts">
      <metrics statements="1" coveredstatements="1" conditionals="0" coveredconditionals="0" methods="0" coveredmethods="0"/>
      <line num="1" count="4" type="stmt"/>
    </file>
    <file name="sensors.ts" path="/Users/maglja/src/telldus-live-promise/src/sensors.ts">
      <metrics statements="5" coveredstatements="5" conditionals="1" coveredconditionals="1" methods="3" coveredmethods="3"/>
      <line num="1" count="4" type="stmt"/>
      <line num="3" count="4" type="stmt"/>
      <line num="9" count="3" type="stmt"/>
      <line num="16" count="3" type="cond" truecount="1" falsecount="0"/>
      <line num="18" count="3" type="stmt"/>
    </file>
  </project>
</coverage>
