{"/Users/maglja/src/telldus-live-promise/src/api.ts": {"path":"/Users/maglja/src/telldus-live-promise/src/api.ts","statementMap":{"0":{"start":{"line":2,"column":0},"end":{"line":2,"column":26}},"1":{"start":{"line":4,"column":0},"end":{"line":45,"column":2}},"2":{"start":{"line":5,"column":16},"end":{"line":5,"column":197}},"3":{"start":{"line":7,"column":25},"end":{"line":20,"column":3}},"4":{"start":{"line":8,"column":4},"end":{"line":19,"column":null}},"5":{"start":{"line":9,"column":6},"end":{"line":11,"column":null}},"6":{"start":{"line":10,"column":8},"end":{"line":10,"column":27}},"7":{"start":{"line":12,"column":6},"end":{"line":16,"column":null}},"8":{"start":{"line":13,"column":8},"end":{"line":13,"column":81}},"9":{"start":{"line":15,"column":8},"end":{"line":15,"column":34}},"10":{"start":{"line":18,"column":6},"end":{"line":18,"column":28}},"11":{"start":{"line":27,"column":18},"end":{"line":34,"column":4}},"12":{"start":{"line":27,"column":36},"end":{"line":34,"column":4}},"13":{"start":{"line":28,"column":4},"end":{"line":33,"column":8}},"14":{"start":{"line":32,"column":47},"end":{"line":32,"column":99}},"15":{"start":{"line":36,"column":14},"end":{"line":38,"column":61}},"16":{"start":{"line":37,"column":4},"end":{"line":38,"column":61}},"17":{"start":{"line":37,"column":57},"end":{"line":38,"column":60}},"18":{"start":{"line":38,"column":6},"end":{"line":38,"column":26}},"19":{"start":{"line":38,"column":45},"end":{"line":38,"column":59}},"20":{"start":{"line":40,"column":2},"end":{"line":44,"column":4}}},"fnMap":{"0":{"name":"(anonymous_1)","decl":{"start":{"line":4,"column":17},"end":{"line":4,"column":18}},"loc":{"start":{"line":4,"column":33},"end":{"line":45,"column":1}}},"1":{"name":"(anonymous_2)","decl":{"start":{"line":7,"column":25},"end":{"line":7,"column":26}},"loc":{"start":{"line":7,"column":126},"end":{"line":20,"column":3}}},"2":{"name":"(anonymous_3)","decl":{"start":{"line":27,"column":18},"end":{"line":27,"column":19}},"loc":{"start":{"line":27,"column":36},"end":{"line":34,"column":4}}},"3":{"name":"(anonymous_4)","decl":{"start":{"line":27,"column":48},"end":{"line":27,"column":49}},"loc":{"start":{"line":27,"column":88},"end":{"line":34,"column":3}}},"4":{"name":"(anonymous_5)","decl":{"start":{"line":32,"column":7},"end":{"line":32,"column":8}},"loc":{"start":{"line":32,"column":47},"end":{"line":32,"column":99}}},"5":{"name":"(anonymous_6)","decl":{"start":{"line":36,"column":14},"end":{"line":36,"column":15}},"loc":{"start":{"line":37,"column":4},"end":{"line":38,"column":61}}},"6":{"name":"(anonymous_7)","decl":{"start":{"line":37,"column":16},"end":{"line":37,"column":17}},"loc":{"start":{"line":37,"column":57},"end":{"line":38,"column":60}}},"7":{"name":"(anonymous_8)","decl":{"start":{"line":37,"column":76},"end":{"line":37,"column":77}},"loc":{"start":{"line":38,"column":6},"end":{"line":38,"column":26}}},"8":{"name":"(anonymous_9)","decl":{"start":{"line":38,"column":28},"end":{"line":38,"column":29}},"loc":{"start":{"line":38,"column":45},"end":{"line":38,"column":59}}}},"branchMap":{"0":{"loc":{"start":{"line":9,"column":6},"end":{"line":11,"column":null}},"type":"if","locations":[{"start":{"line":9,"column":6},"end":{"line":11,"column":null}}]},"1":{"loc":{"start":{"line":12,"column":6},"end":{"line":16,"column":null}},"type":"if","locations":[{"start":{"line":12,"column":6},"end":{"line":16,"column":null}},{"start":{"line":14,"column":13},"end":{"line":16,"column":null}}]}},"s":{"0":4,"1":4,"2":4,"3":4,"4":4,"5":4,"6":1,"7":3,"8":1,"9":2,"10":1,"11":4,"12":0,"13":0,"14":0,"15":4,"16":0,"17":0,"18":0,"19":0,"20":4},"f":{"0":4,"1":4,"2":0,"3":0,"4":0,"5":0,"6":0,"7":0,"8":0},"b":{"0":[1],"1":[1,2]}}
,"/Users/maglja/src/telldus-live-promise/src/clients.ts": {"path":"/Users/maglja/src/telldus-live-promise/src/clients.ts","statementMap":{"0":{"start":{"line":1,"column":0},"end":{"line":11,"column":2}},"1":{"start":{"line":6,"column":15},"end":{"line":6,"column":55}},"2":{"start":{"line":6,"column":21},"end":{"line":6,"column":55}},"3":{"start":{"line":8,"column":2},"end":{"line":10,"column":4}}},"fnMap":{"0":{"name":"(anonymous_0)","decl":{"start":{"line":1,"column":17},"end":{"line":1,"column":18}},"loc":{"start":{"line":1,"column":30},"end":{"line":11,"column":1}}},"1":{"name":"(anonymous_1)","decl":{"start":{"line":6,"column":15},"end":{"line":6,"column":18}},"loc":{"start":{"line":6,"column":21},"end":{"line":6,"column":55}}}},"branchMap":{},"s":{"0":4,"1":2,"2":2,"3":2},"f":{"0":2,"1":2},"b":{}}
,"/Users/maglja/src/telldus-live-promise/src/devices.ts": {"path":"/Users/maglja/src/telldus-live-promise/src/devices.ts","statementMap":{"0":{"start":{"line":1,"column":18},"end":{"line":1,"column":40}},"1":{"start":{"line":3,"column":0},"end":{"line":39,"column":2}},"2":{"start":{"line":8,"column":15},"end":{"line":8,"column":55}},"3":{"start":{"line":8,"column":21},"end":{"line":8,"column":55}},"4":{"start":{"line":15,"column":17},"end":{"line":15,"column":115}},"5":{"start":{"line":15,"column":34},"end":{"line":15,"column":115}},"6":{"start":{"line":22,"column":18},"end":{"line":22,"column":117}},"7":{"start":{"line":22,"column":35},"end":{"line":22,"column":117}},"8":{"start":{"line":31,"column":18},"end":{"line":31,"column":157}},"9":{"start":{"line":31,"column":55},"end":{"line":31,"column":157}},"10":{"start":{"line":33,"column":2},"end":{"line":38,"column":4}}},"fnMap":{"0":{"name":"(anonymous_0)","decl":{"start":{"line":3,"column":17},"end":{"line":3,"column":18}},"loc":{"start":{"line":3,"column":30},"end":{"line":39,"column":1}}},"1":{"name":"(anonymous_1)","decl":{"start":{"line":8,"column":15},"end":{"line":8,"column":18}},"loc":{"start":{"line":8,"column":21},"end":{"line":8,"column":55}}},"2":{"name":"(anonymous_2)","decl":{"start":{"line":15,"column":17},"end":{"line":15,"column":18}},"loc":{"start":{"line":15,"column":34},"end":{"line":15,"column":115}}},"3":{"name":"(anonymous_3)","decl":{"start":{"line":22,"column":18},"end":{"line":22,"column":19}},"loc":{"start":{"line":22,"column":35},"end":{"line":22,"column":117}}},"4":{"name":"(anonymous_4)","decl":{"start":{"line":31,"column":18},"end":{"line":31,"column":19}},"loc":{"start":{"line":31,"column":55},"end":{"line":31,"column":157}}}},"branchMap":{"0":{"loc":{"start":{"line":15,"column":93},"end":{"line":15,"column":112}},"type":"binary-expr","locations":[{"start":{"line":15,"column":93},"end":{"line":15,"column":102}},{"start":{"line":15,"column":106},"end":{"line":15,"column":112}}]},"1":{"loc":{"start":{"line":22,"column":95},"end":{"line":22,"column":114}},"type":"binary-expr","locations":[{"start":{"line":22,"column":95},"end":{"line":22,"column":104}},{"start":{"line":22,"column":108},"end":{"line":22,"column":114}}]},"2":{"loc":{"start":{"line":31,"column":115},"end":{"line":31,"column":134}},"type":"binary-expr","locations":[{"start":{"line":31,"column":115},"end":{"line":31,"column":124}},{"start":{"line":31,"column":128},"end":{"line":31,"column":134}}]}},"s":{"0":4,"1":4,"2":7,"3":2,"4":7,"5":2,"6":7,"7":2,"8":7,"9":1,"10":7},"f":{"0":7,"1":2,"2":2,"3":2,"4":1},"b":{"0":[2,1],"1":[2,1],"2":[1,0]}}
,"/Users/maglja/src/telldus-live-promise/src/index.ts": {"path":"/Users/maglja/src/telldus-live-promise/src/index.ts","statementMap":{"0":{"start":{"line":1,"column":0},"end":{"line":6,"column":2}}},"fnMap":{},"branchMap":{},"s":{"0":4},"f":{},"b":{}}
,"/Users/maglja/src/telldus-live-promise/src/sensors.ts": {"path":"/Users/maglja/src/telldus-live-promise/src/sensors.ts","statementMap":{"0":{"start":{"line":1,"column":18},"end":{"line":1,"column":40}},"1":{"start":{"line":3,"column":0},"end":{"line":22,"column":2}},"2":{"start":{"line":9,"column":15},"end":{"line":9,"column":101}},"3":{"start":{"line":9,"column":32},"end":{"line":9,"column":101}},"4":{"start":{"line":16,"column":15},"end":{"line":16,"column":114}},"5":{"start":{"line":16,"column":48},"end":{"line":16,"column":114}},"6":{"start":{"line":18,"column":2},"end":{"line":21,"column":4}}},"fnMap":{"0":{"name":"(anonymous_0)","decl":{"start":{"line":3,"column":17},"end":{"line":3,"column":18}},"loc":{"start":{"line":3,"column":30},"end":{"line":22,"column":1}}},"1":{"name":"(anonymous_1)","decl":{"start":{"line":9,"column":15},"end":{"line":9,"column":16}},"loc":{"start":{"line":9,"column":32},"end":{"line":9,"column":101}}},"2":{"name":"(anonymous_2)","decl":{"start":{"line":16,"column":15},"end":{"line":16,"column":16}},"loc":{"start":{"line":16,"column":48},"end":{"line":16,"column":114}}}},"branchMap":{"0":{"loc":{"start":{"line":16,"column":16},"end":{"line":16,"column":43}},"type":"default-arg","locations":[{"start":{"line":16,"column":25},"end":{"line":16,"column":43}}]}},"s":{"0":4,"1":4,"2":3,"3":1,"4":3,"5":2,"6":3},"f":{"0":3,"1":1,"2":2},"b":{"0":[2]}}
}
