TN:
SF:src/api.ts
FN:4,(anonymous_1)
FN:7,(anonymous_2)
FN:27,(anonymous_3)
FN:27,(anonymous_4)
FN:32,(anonymous_5)
FN:36,(anonymous_6)
FN:37,(anonymous_7)
FN:37,(anonymous_8)
FN:38,(anonymous_9)
FNF:9
FNH:2
FNDA:4,(anonymous_1)
FNDA:4,(anonymous_2)
FNDA:0,(anonymous_3)
FNDA:0,(anonymous_4)
FNDA:0,(anonymous_5)
FNDA:0,(anonymous_6)
FNDA:0,(anonymous_7)
FNDA:0,(anonymous_8)
FNDA:0,(anonymous_9)
DA:2,4
DA:4,4
DA:5,4
DA:7,4
DA:8,4
DA:9,4
DA:10,1
DA:12,3
DA:13,1
DA:15,2
DA:18,1
DA:27,4
DA:28,0
DA:32,0
DA:36,4
DA:37,0
DA:38,0
DA:40,4
LF:18
LH:14
BRDA:9,0,0,1
BRDA:12,1,0,1
BRDA:12,1,1,2
BRF:3
BRH:3
end_of_record
TN:
SF:src/clients.ts
FN:1,(anonymous_0)
FN:6,(anonymous_1)
FNF:2
FNH:2
FNDA:2,(anonymous_0)
FNDA:2,(anonymous_1)
DA:1,4
DA:6,2
DA:8,2
LF:3
LH:3
BRF:0
BRH:0
end_of_record
TN:
SF:src/devices.ts
FN:3,(anonymous_0)
FN:8,(anonymous_1)
FN:15,(anonymous_2)
FN:22,(anonymous_3)
FN:31,(anonymous_4)
FNF:5
FNH:5
FNDA:7,(anonymous_0)
FNDA:2,(anonymous_1)
FNDA:2,(anonymous_2)
FNDA:2,(anonymous_3)
FNDA:1,(anonymous_4)
DA:1,4
DA:3,4
DA:8,7
DA:15,7
DA:22,7
DA:31,7
DA:33,7
LF:7
LH:7
BRDA:15,0,0,2
BRDA:15,0,1,1
BRDA:22,1,0,2
BRDA:22,1,1,1
BRDA:31,2,0,1
BRDA:31,2,1,0
BRF:6
BRH:5
end_of_record
TN:
SF:src/index.ts
FNF:0
FNH:0
DA:1,4
LF:1
LH:1
BRF:0
BRH:0
end_of_record
TN:
SF:src/sensors.ts
FN:3,(anonymous_0)
FN:9,(anonymous_1)
FN:16,(anonymous_2)
FNF:3
FNH:3
FNDA:3,(anonymous_0)
FNDA:1,(anonymous_1)
FNDA:2,(anonymous_2)
DA:1,4
DA:3,4
DA:9,3
DA:16,3
DA:18,3
LF:5
LH:5
BRDA:16,0,0,2
BRF:1
BRH:1
end_of_record
